  main.cpp
C:\Users\Рона\Desktop\cot\tut_Basic_Objects\main.cpp(29,17): warning C4244: =: преобразование "double" в "float", возможна потеря данных
C:\Users\Рона\Desktop\cot\tut_Basic_Objects\main.cpp(33,17): warning C4244: =: преобразование "double" в "float", возможна потеря данных
C:\Users\Рона\Desktop\cot\tut_Basic_Objects\main.cpp(38,17): warning C4244: =: преобразование "double" в "float", возможна потеря данных
C:\Users\Рона\Desktop\cot\tut_Basic_Objects\main.cpp(42,17): warning C4244: =: преобразование "double" в "float", возможна потеря данных
C:\Users\Рона\Desktop\cot\tut_Basic_Objects\main.cpp(55,17): warning C4244: аргумент: преобразование "double" в "GLfloat", возможна потеря данных
C:\Users\Рона\Desktop\cot\tut_Basic_Objects\main.cpp(56,21): warning C4305: аргумент: усечение из "double" в "GLfloat"
C:\Users\Рона\Desktop\cot\tut_Basic_Objects\main.cpp(57,20): warning C4305: аргумент: усечение из "double" в "GLfloat"
C:\Users\Рона\Desktop\cot\tut_Basic_Objects\main.cpp(62,26): warning C4244: аргумент: преобразование "double" в "GLfloat", возможна потеря данных
C:\Users\Рона\Desktop\cot\tut_Basic_Objects\main.cpp(62,17): warning C4244: аргумент: преобразование "double" в "GLfloat", возможна потеря данных
C:\Users\Рона\Desktop\cot\tut_Basic_Objects\main.cpp(63,21): warning C4305: аргумент: усечение из "double" в "GLfloat"
C:\Users\Рона\Desktop\cot\tut_Basic_Objects\main.cpp(64,20): warning C4305: аргумент: усечение из "double" в "GLfloat"
C:\Users\Рона\Desktop\cot\tut_Basic_Objects\main.cpp(69,23): warning C4305: аргумент: усечение из "double" в "GLfloat"
C:\Users\Рона\Desktop\cot\tut_Basic_Objects\main.cpp(70,21): warning C4305: аргумент: усечение из "double" в "GLfloat"
C:\Users\Рона\Desktop\cot\tut_Basic_Objects\main.cpp(71,20): warning C4305: аргумент: усечение из "double" в "GLfloat"
C:\Users\Рона\Desktop\cot\tut_Basic_Objects\main.cpp(72,20): warning C4305: аргумент: усечение из "double" в "GLfloat"
C:\Users\Рона\Desktop\cot\tut_Basic_Objects\main.cpp(73,21): warning C4305: аргумент: усечение из "double" в "GLfloat"
C:\Users\Рона\Desktop\cot\tut_Basic_Objects\main.cpp(88,23): warning C4305: аргумент: усечение из "double" в "GLfloat"
C:\Users\Рона\Desktop\cot\tut_Basic_Objects\main.cpp(89,22): warning C4305: аргумент: усечение из "double" в "GLfloat"
C:\Users\Рона\Desktop\cot\tut_Basic_Objects\main.cpp(90,22): warning C4305: аргумент: усечение из "double" в "GLfloat"
C:\Users\Рона\Desktop\cot\tut_Basic_Objects\main.cpp(91,23): warning C4305: аргумент: усечение из "double" в "GLfloat"
C:\Users\Рона\Desktop\cot\tut_Basic_Objects\main.cpp(94,23): warning C4305: аргумент: усечение из "double" в "GLfloat"
C:\Users\Рона\Desktop\cot\tut_Basic_Objects\main.cpp(96,24): warning C4305: аргумент: усечение из "double" в "GLfloat"
C:\Users\Рона\Desktop\cot\tut_Basic_Objects\main.cpp(97,24): warning C4305: аргумент: усечение из "double" в "GLfloat"
C:\Users\Рона\Desktop\cot\tut_Basic_Objects\main.cpp(98,25): warning C4305: аргумент: усечение из "double" в "GLfloat"
C:\Users\Рона\Desktop\cot\tut_Basic_Objects\main.cpp(101,23): warning C4305: аргумент: усечение из "double" в "GLfloat"
C:\Users\Рона\Desktop\cot\tut_Basic_Objects\main.cpp(102,24): warning C4305: аргумент: усечение из "double" в "GLfloat"
C:\Users\Рона\Desktop\cot\tut_Basic_Objects\main.cpp(103,24): warning C4305: аргумент: усечение из "double" в "GLfloat"
C:\Users\Рона\Desktop\cot\tut_Basic_Objects\main.cpp(104,24): warning C4305: аргумент: усечение из "double" в "GLfloat"
C:\Users\Рона\Desktop\cot\tut_Basic_Objects\main.cpp(108,25): warning C4305: аргумент: усечение из "double" в "GLfloat"
C:\Users\Рона\Desktop\cot\tut_Basic_Objects\main.cpp(109,23): warning C4305: аргумент: усечение из "double" в "GLfloat"
C:\Users\Рона\Desktop\cot\tut_Basic_Objects\main.cpp(110,23): warning C4305: аргумент: усечение из "double" в "GLfloat"
C:\Users\Рона\Desktop\cot\tut_Basic_Objects\main.cpp(112,23): warning C4305: аргумент: усечение из "double" в "GLfloat"
C:\Users\Рона\Desktop\cot\tut_Basic_Objects\main.cpp(119,25): warning C4305: аргумент: усечение из "double" в "GLfloat"
C:\Users\Рона\Desktop\cot\tut_Basic_Objects\main.cpp(120,22): warning C4305: аргумент: усечение из "double" в "GLfloat"
C:\Users\Рона\Desktop\cot\tut_Basic_Objects\main.cpp(122,22): warning C4305: аргумент: усечение из "double" в "GLfloat"
C:\Users\Рона\Desktop\cot\tut_Basic_Objects\main.cpp(135,22): warning C4305: аргумент: усечение из "double" в "GLfloat"
C:\Users\Рона\Desktop\cot\tut_Basic_Objects\main.cpp(136,22): warning C4305: аргумент: усечение из "double" в "GLfloat"
C:\Users\Рона\Desktop\cot\tut_Basic_Objects\main.cpp(137,19): warning C4305: аргумент: усечение из "double" в "GLfloat"
C:\Users\Рона\Desktop\cot\tut_Basic_Objects\main.cpp(144,25): warning C4305: аргумент: усечение из "double" в "GLfloat"
C:\Users\Рона\Desktop\cot\tut_Basic_Objects\main.cpp(145,19): warning C4305: аргумент: усечение из "double" в "GLfloat"
C:\Users\Рона\Desktop\cot\tut_Basic_Objects\main.cpp(147,21): warning C4305: аргумент: усечение из "double" в "GLfloat"
C:\Users\Рона\Desktop\cot\tut_Basic_Objects\main.cpp(151,19): warning C4305: аргумент: усечение из "double" в "GLfloat"
C:\Users\Рона\Desktop\cot\tut_Basic_Objects\main.cpp(152,21): warning C4305: аргумент: усечение из "double" в "GLfloat"
C:\Users\Рона\Desktop\cot\tut_Basic_Objects\main.cpp(153,21): warning C4305: аргумент: усечение из "double" в "GLfloat"
C:\Users\Рона\Desktop\cot\tut_Basic_Objects\main.cpp(164,25): warning C4305: аргумент: усечение из "double" в "GLfloat"
C:\Users\Рона\Desktop\cot\tut_Basic_Objects\main.cpp(165,23): warning C4305: аргумент: усечение из "double" в "GLfloat"
C:\Users\Рона\Desktop\cot\tut_Basic_Objects\main.cpp(166,25): warning C4305: аргумент: усечение из "double" в "GLfloat"
C:\Users\Рона\Desktop\cot\tut_Basic_Objects\main.cpp(167,23): warning C4305: аргумент: усечение из "double" в "GLfloat"
C:\Users\Рона\Desktop\cot\tut_Basic_Objects\main.cpp(168,25): warning C4305: аргумент: усечение из "double" в "GLfloat"
C:\Users\Рона\Desktop\cot\tut_Basic_Objects\main.cpp(169,23): warning C4305: аргумент: усечение из "double" в "GLfloat"
C:\Users\Рона\Desktop\cot\tut_Basic_Objects\main.cpp(170,25): warning C4305: аргумент: усечение из "double" в "GLfloat"
C:\Users\Рона\Desktop\cot\tut_Basic_Objects\main.cpp(171,22): warning C4305: аргумент: усечение из "double" в "GLfloat"
C:\Users\Рона\Desktop\cot\tut_Basic_Objects\main.cpp(179,22): warning C4305: аргумент: усечение из "double" в "GLfloat"
C:\Users\Рона\Desktop\cot\tut_Basic_Objects\main.cpp(180,23): warning C4305: аргумент: усечение из "double" в "GLfloat"
C:\Users\Рона\Desktop\cot\tut_Basic_Objects\main.cpp(181,22): warning C4305: аргумент: усечение из "double" в "GLfloat"
C:\Users\Рона\Desktop\cot\tut_Basic_Objects\main.cpp(184,25): warning C4305: аргумент: усечение из "double" в "GLfloat"
C:\Users\Рона\Desktop\cot\tut_Basic_Objects\main.cpp(185,24): warning C4305: аргумент: усечение из "double" в "GLfloat"
C:\Users\Рона\Desktop\cot\tut_Basic_Objects\main.cpp(186,23): warning C4305: аргумент: усечение из "double" в "GLfloat"
C:\Users\Рона\Desktop\cot\tut_Basic_Objects\main.cpp(187,22): warning C4305: аргумент: усечение из "double" в "GLfloat"
C:\Users\Рона\Desktop\cot\tut_Basic_Objects\main.cpp(190,25): warning C4305: аргумент: усечение из "double" в "GLfloat"
C:\Users\Рона\Desktop\cot\tut_Basic_Objects\main.cpp(191,23): warning C4305: аргумент: усечение из "double" в "GLfloat"
C:\Users\Рона\Desktop\cot\tut_Basic_Objects\main.cpp(192,25): warning C4305: аргумент: усечение из "double" в "GLfloat"
C:\Users\Рона\Desktop\cot\tut_Basic_Objects\main.cpp(193,23): warning C4305: аргумент: усечение из "double" в "GLfloat"
C:\Users\Рона\Desktop\cot\tut_Basic_Objects\main.cpp(195,22): warning C4305: аргумент: усечение из "double" в "GLfloat"
C:\Users\Рона\Desktop\cot\tut_Basic_Objects\main.cpp(198,25): warning C4305: аргумент: усечение из "double" в "GLfloat"
C:\Users\Рона\Desktop\cot\tut_Basic_Objects\main.cpp(199,23): warning C4305: аргумент: усечение из "double" в "GLfloat"
C:\Users\Рона\Desktop\cot\tut_Basic_Objects\main.cpp(200,23): warning C4305: аргумент: усечение из "double" в "GLfloat"
C:\Users\Рона\Desktop\cot\tut_Basic_Objects\main.cpp(201,25): warning C4305: аргумент: усечение из "double" в "GLfloat"
C:\Users\Рона\Desktop\cot\tut_Basic_Objects\main.cpp(204,25): warning C4305: аргумент: усечение из "double" в "GLfloat"
C:\Users\Рона\Desktop\cot\tut_Basic_Objects\main.cpp(205,23): warning C4305: аргумент: усечение из "double" в "GLfloat"
C:\Users\Рона\Desktop\cot\tut_Basic_Objects\main.cpp(206,23): warning C4305: аргумент: усечение из "double" в "GLfloat"
C:\Users\Рона\Desktop\cot\tut_Basic_Objects\main.cpp(207,25): warning C4305: аргумент: усечение из "double" в "GLfloat"
C:\Users\Рона\Desktop\cot\tut_Basic_Objects\main.cpp(210,25): warning C4305: аргумент: усечение из "double" в "GLfloat"
C:\Users\Рона\Desktop\cot\tut_Basic_Objects\main.cpp(211,23): warning C4305: аргумент: усечение из "double" в "GLfloat"
C:\Users\Рона\Desktop\cot\tut_Basic_Objects\main.cpp(213,23): warning C4305: аргумент: усечение из "double" в "GLfloat"
C:\Users\Рона\Desktop\cot\tut_Basic_Objects\main.cpp(216,25): warning C4305: аргумент: усечение из "double" в "GLfloat"
C:\Users\Рона\Desktop\cot\tut_Basic_Objects\main.cpp(217,23): warning C4305: аргумент: усечение из "double" в "GLfloat"
C:\Users\Рона\Desktop\cot\tut_Basic_Objects\main.cpp(218,23): warning C4305: аргумент: усечение из "double" в "GLfloat"
C:\Users\Рона\Desktop\cot\tut_Basic_Objects\main.cpp(219,23): warning C4305: аргумент: усечение из "double" в "GLfloat"
C:\Users\Рона\Desktop\cot\tut_Basic_Objects\main.cpp(222,23): warning C4305: аргумент: усечение из "double" в "GLfloat"
C:\Users\Рона\Desktop\cot\tut_Basic_Objects\main.cpp(223,25): warning C4305: аргумент: усечение из "double" в "GLfloat"
C:\Users\Рона\Desktop\cot\tut_Basic_Objects\main.cpp(224,25): warning C4305: аргумент: усечение из "double" в "GLfloat"
C:\Users\Рона\Desktop\cot\tut_Basic_Objects\main.cpp(225,24): warning C4305: аргумент: усечение из "double" в "GLfloat"
C:\Users\Рона\Desktop\cot\tut_Basic_Objects\main.cpp(238,25): warning C4305: аргумент: усечение из "double" в "GLfloat"
C:\Users\Рона\Desktop\cot\tut_Basic_Objects\main.cpp(239,23): warning C4305: аргумент: усечение из "double" в "GLfloat"
C:\Users\Рона\Desktop\cot\tut_Basic_Objects\main.cpp(240,23): warning C4305: аргумент: усечение из "double" в "GLfloat"
C:\Users\Рона\Desktop\cot\tut_Basic_Objects\main.cpp(241,23): warning C4305: аргумент: усечение из "double" в "GLfloat"
C:\Users\Рона\Desktop\cot\tut_Basic_Objects\main.cpp(242,23): warning C4305: аргумент: усечение из "double" в "GLfloat"
C:\Users\Рона\Desktop\cot\tut_Basic_Objects\main.cpp(245,25): warning C4305: аргумент: усечение из "double" в "GLfloat"
C:\Users\Рона\Desktop\cot\tut_Basic_Objects\main.cpp(246,24): warning C4305: аргумент: усечение из "double" в "GLfloat"
C:\Users\Рона\Desktop\cot\tut_Basic_Objects\main.cpp(247,24): warning C4305: аргумент: усечение из "double" в "GLfloat"
C:\Users\Рона\Desktop\cot\tut_Basic_Objects\main.cpp(248,24): warning C4305: аргумент: усечение из "double" в "GLfloat"
C:\Users\Рона\Desktop\cot\tut_Basic_Objects\main.cpp(249,24): warning C4305: аргумент: усечение из "double" в "GLfloat"
C:\Users\Рона\Desktop\cot\tut_Basic_Objects\main.cpp(252,25): warning C4305: аргумент: усечение из "double" в "GLfloat"
C:\Users\Рона\Desktop\cot\tut_Basic_Objects\main.cpp(253,23): warning C4305: аргумент: усечение из "double" в "GLfloat"
C:\Users\Рона\Desktop\cot\tut_Basic_Objects\main.cpp(254,23): warning C4305: аргумент: усечение из "double" в "GLfloat"
C:\Users\Рона\Desktop\cot\tut_Basic_Objects\main.cpp(255,23): warning C4305: аргумент: усечение из "double" в "GLfloat"
C:\Users\Рона\Desktop\cot\tut_Basic_Objects\main.cpp(263,25): warning C4305: аргумент: усечение из "double" в "GLfloat"
C:\Users\Рона\Desktop\cot\tut_Basic_Objects\main.cpp(264,24): warning C4305: аргумент: усечение из "double" в "GLfloat"
C:\Users\Рона\Desktop\cot\tut_Basic_Objects\main.cpp(265,23): warning C4305: аргумент: усечение из "double" в "GLfloat"
C:\Users\Рона\Desktop\cot\tut_Basic_Objects\main.cpp(266,24): warning C4305: аргумент: усечение из "double" в "GLfloat"
C:\Users\Рона\Desktop\cot\tut_Basic_Objects\main.cpp(270,25): warning C4305: аргумент: усечение из "double" в "GLfloat"
C:\Users\Рона\Desktop\cot\tut_Basic_Objects\main.cpp(271,25): warning C4305: аргумент: усечение из "double" в "GLfloat"
C:\Users\Рона\Desktop\cot\tut_Basic_Objects\main.cpp(272,26): warning C4305: аргумент: усечение из "double" в "GLfloat"
C:\Users\Рона\Desktop\cot\tut_Basic_Objects\main.cpp(275,25): warning C4305: аргумент: усечение из "double" в "GLfloat"
C:\Users\Рона\Desktop\cot\tut_Basic_Objects\main.cpp(276,24): warning C4305: аргумент: усечение из "double" в "GLfloat"
C:\Users\Рона\Desktop\cot\tut_Basic_Objects\main.cpp(277,24): warning C4305: аргумент: усечение из "double" в "GLfloat"
C:\Users\Рона\Desktop\cot\tut_Basic_Objects\main.cpp(278,24): warning C4305: аргумент: усечение из "double" в "GLfloat"
C:\Users\Рона\Desktop\cot\tut_Basic_Objects\main.cpp(290,23): warning C4305: аргумент: усечение из "double" в "GLfloat"
C:\Users\Рона\Desktop\cot\tut_Basic_Objects\main.cpp(291,23): warning C4305: аргумент: усечение из "double" в "GLfloat"
C:\Users\Рона\Desktop\cot\tut_Basic_Objects\main.cpp(292,20): warning C4305: аргумент: усечение из "double" в "GLfloat"
C:\Users\Рона\Desktop\cot\tut_Basic_Objects\main.cpp(293,23): warning C4305: аргумент: усечение из "double" в "GLfloat"
C:\Users\Рона\Desktop\cot\tut_Basic_Objects\main.cpp(296,23): warning C4305: аргумент: усечение из "double" в "GLfloat"
C:\Users\Рона\Desktop\cot\tut_Basic_Objects\main.cpp(297,23): warning C4305: аргумент: усечение из "double" в "GLfloat"
C:\Users\Рона\Desktop\cot\tut_Basic_Objects\main.cpp(298,23): warning C4305: аргумент: усечение из "double" в "GLfloat"
C:\Users\Рона\Desktop\cot\tut_Basic_Objects\main.cpp(299,23): warning C4305: аргумент: усечение из "double" в "GLfloat"
C:\Users\Рона\Desktop\cot\tut_Basic_Objects\main.cpp(302,23): warning C4305: аргумент: усечение из "double" в "GLfloat"
C:\Users\Рона\Desktop\cot\tut_Basic_Objects\main.cpp(303,23): warning C4305: аргумент: усечение из "double" в "GLfloat"
C:\Users\Рона\Desktop\cot\tut_Basic_Objects\main.cpp(304,23): warning C4305: аргумент: усечение из "double" в "GLfloat"
C:\Users\Рона\Desktop\cot\tut_Basic_Objects\main.cpp(305,23): warning C4305: аргумент: усечение из "double" в "GLfloat"
C:\Users\Рона\Desktop\cot\tut_Basic_Objects\main.cpp(312,25): warning C4305: аргумент: усечение из "double" в "GLfloat"
C:\Users\Рона\Desktop\cot\tut_Basic_Objects\main.cpp(313,24): warning C4305: аргумент: усечение из "double" в "GLfloat"
C:\Users\Рона\Desktop\cot\tut_Basic_Objects\main.cpp(314,24): warning C4305: аргумент: усечение из "double" в "GLfloat"
C:\Users\Рона\Desktop\cot\tut_Basic_Objects\main.cpp(315,24): warning C4305: аргумент: усечение из "double" в "GLfloat"
C:\Users\Рона\Desktop\cot\tut_Basic_Objects\main.cpp(316,24): warning C4305: аргумент: усечение из "double" в "GLfloat"
C:\Users\Рона\Desktop\cot\tut_Basic_Objects\main.cpp(326,23): warning C4305: аргумент: усечение из "double" в "GLfloat"
C:\Users\Рона\Desktop\cot\tut_Basic_Objects\main.cpp(327,22): warning C4305: аргумент: усечение из "double" в "GLfloat"
C:\Users\Рона\Desktop\cot\tut_Basic_Objects\main.cpp(328,22): warning C4305: аргумент: усечение из "double" в "GLfloat"
C:\Users\Рона\Desktop\cot\tut_Basic_Objects\main.cpp(329,22): warning C4305: аргумент: усечение из "double" в "GLfloat"
C:\Users\Рона\Desktop\cot\tut_Basic_Objects\main.cpp(332,25): warning C4305: аргумент: усечение из "double" в "GLfloat"
C:\Users\Рона\Desktop\cot\tut_Basic_Objects\main.cpp(333,23): warning C4305: аргумент: усечение из "double" в "GLfloat"
C:\Users\Рона\Desktop\cot\tut_Basic_Objects\main.cpp(334,22): warning C4305: аргумент: усечение из "double" в "GLfloat"
C:\Users\Рона\Desktop\cot\tut_Basic_Objects\main.cpp(335,22): warning C4305: аргумент: усечение из "double" в "GLfloat"
C:\Users\Рона\Desktop\cot\tut_Basic_Objects\main.cpp(338,25): warning C4305: аргумент: усечение из "double" в "GLfloat"
C:\Users\Рона\Desktop\cot\tut_Basic_Objects\main.cpp(339,24): warning C4305: аргумент: усечение из "double" в "GLfloat"
C:\Users\Рона\Desktop\cot\tut_Basic_Objects\main.cpp(340,22): warning C4305: аргумент: усечение из "double" в "GLfloat"
C:\Users\Рона\Desktop\cot\tut_Basic_Objects\main.cpp(341,24): warning C4305: аргумент: усечение из "double" в "GLfloat"
C:\Users\Рона\Desktop\cot\tut_Basic_Objects\main.cpp(344,21): warning C4305: аргумент: усечение из "double" в "GLfloat"
C:\Users\Рона\Desktop\cot\tut_Basic_Objects\main.cpp(345,22): warning C4305: аргумент: усечение из "double" в "GLfloat"
C:\Users\Рона\Desktop\cot\tut_Basic_Objects\main.cpp(347,22): warning C4305: аргумент: усечение из "double" в "GLfloat"
C:\Users\Рона\Desktop\cot\tut_Basic_Objects\main.cpp(350,23): warning C4305: аргумент: усечение из "double" в "GLfloat"
C:\Users\Рона\Desktop\cot\tut_Basic_Objects\main.cpp(351,22): warning C4305: аргумент: усечение из "double" в "GLfloat"
C:\Users\Рона\Desktop\cot\tut_Basic_Objects\main.cpp(352,22): warning C4305: аргумент: усечение из "double" в "GLfloat"
C:\Users\Рона\Desktop\cot\tut_Basic_Objects\main.cpp(353,24): warning C4305: аргумент: усечение из "double" в "GLfloat"
C:\Users\Рона\Desktop\cot\tut_Basic_Objects\main.cpp(372,22): warning C4305: аргумент: усечение из "double" в "GLfloat"
C:\Users\Рона\Desktop\cot\tut_Basic_Objects\main.cpp(374,40): warning C4305: +=: усечение из "double" в "float"
C:\Users\Рона\Desktop\cot\tut_Basic_Objects\main.cpp(379,2): warning C4551: в вызове функции отсутствует список аргументов
  tut_Basic_Objects.vcxproj -> C:\Users\Рона\Desktop\cot\Debug\tut_Basic_Objects.exe
